# JRE version: Java(TM) SE Runtime Environment (21.0.1+12) (build 21.0.1+12-LTS-29)
# Java VM: Java HotSpot(TM) 64-Bit Server VM (21.0.1+12-LTS-29, mixed mode, sharing, tiered, compressed oops, compressed class ptrs, g1 gc, windows-amd64)
GC Precious Log:
 CardTable entry size: 512
 Card Set container configuration: InlinePtr #cards 5 size 8 Array Of Cards #cards 12 size 40 Howl #buckets 4 coarsen threshold 1843 Howl Bitmap #cards 512 size 80 coarsen threshold 460 Card regions per heap region 1 cards per card region 2048
 CPUs: 8 total, 8 available
 Memory: 3910M
 Large Page Support: Disabled
 NUMA Support: Disabled
 Compressed Oops: Enabled (32-bit)
 Heap Region Size: 1M
 Heap Min Capacity: 8M
 Heap Initial Capacity: 62M
 Heap Max Capacity: 978M
 Pre-touch: Disabled
 Parallel Workers: 8
 Concurrent Workers: 2
 Concurrent Refinement Workers: 8
 Periodic GC: Disabled
Heap:
 garbage-first heap   total 108544K, used 86016K [0x00000000c2e00000, 0x0000000100000000)
  region size 1024K, 7 young (7168K), 5 survivors (5120K)
 Metaspace       used 33529K, committed 34496K, reserved 1114112K
  class space    used 3782K, committed 4096K, reserved 1048576K
GC Heap History (20 events):
Event: 12.111 GC heap before
{Heap before GC invocations=8 (full 0):
 garbage-first heap   total 63488K, used 26069K [0x00000000c2e00000, 0x0000000100000000)
  region size 1024K, 4 young (4096K), 2 survivors (2048K)
 Metaspace       used 21143K, committed 21504K, reserved 1114112K
  class space    used 2323K, committed 2496K, reserved 1048576K
}
Event: 12.124 GC heap after
{Heap after GC invocations=9 (full 0):
 garbage-first heap   total 63488K, used 25159K [0x00000000c2e00000, 0x0000000100000000)
  region size 1024K, 2 young (2048K), 2 survivors (2048K)
 Metaspace       used 21143K, committed 21504K, reserved 1114112K
  class space    used 2323K, committed 2496K, reserved 1048576K
}
Event: 14.112 GC heap before
{Heap before GC invocations=10 (full 0):
 garbage-first heap   total 63488K, used 62023K [0x00000000c2e00000, 0x0000000100000000)
  region size 1024K, 31 young (31744K), 2 survivors (2048K)
 Metaspace       used 27300K, committed 27648K, reserved 1114112K
  class space    used 3028K, committed 3200K, reserved 1048576K
}
Event: 14.149 GC heap after
{Heap after GC invocations=11 (full 0):
 garbage-first heap   total 75776K, used 43008K [0x00000000c2e00000, 0x0000000100000000)
  region size 1024K, 4 young (4096K), 4 survivors (4096K)
 Metaspace       used 27300K, committed 27648K, reserved 1114112K
  class space    used 3028K, committed 3200K, reserved 1048576K
}
Event: 14.309 GC heap before
{Heap before GC invocations=11 (full 0):
 garbage-first heap   total 75776K, used 63488K [0x00000000c2e00000, 0x0000000100000000)
  region size 1024K, 23 young (23552K), 4 survivors (4096K)
 Metaspace       used 27316K, committed 27776K, reserved 1114112K
  class space    used 3028K, committed 3200K, reserved 1048576K
}
Event: 14.318 GC heap after
{Heap after GC invocations=12 (full 0):
 garbage-first heap   total 91136K, used 49152K [0x00000000c2e00000, 0x0000000100000000)
  region size 1024K, 3 young (3072K), 3 survivors (3072K)
 Metaspace       used 27316K, committed 27776K, reserved 1114112K
  class space    used 3028K, committed 3200K, reserved 1048576K
}
Event: 15.444 GC heap before
{Heap before GC invocations=12 (full 0):
 garbage-first heap   total 91136K, used 73728K [0x00000000c2e00000, 0x0000000100000000)
  region size 1024K, 28 young (28672K), 3 survivors (3072K)
 Metaspace       used 29202K, committed 29632K, reserved 1114112K
  class space    used 3245K, committed 3456K, reserved 1048576K
}
Event: 15.504 GC heap after
{Heap after GC invocations=13 (full 0):
 garbage-first heap   total 91136K, used 51712K [0x00000000c2e00000, 0x0000000100000000)
  region size 1024K, 2 young (2048K), 2 survivors (2048K)
 Metaspace       used 29202K, committed 29632K, reserved 1114112K
  class space    used 3245K, committed 3456K, reserved 1048576K
}
Event: 16.364 GC heap before
{Heap before GC invocations=14 (full 0):
 garbage-first heap   total 91136K, used 75264K [0x00000000c2e00000, 0x0000000100000000)
  region size 1024K, 26 young (26624K), 2 survivors (2048K)
 Metaspace       used 30885K, committed 31296K, reserved 1114112K
  class space    used 3428K, committed 3584K, reserved 1048576K
}
Event: 16.372 GC heap after
{Heap after GC invocations=15 (full 0):
 garbage-first heap   total 91136K, used 51897K [0x00000000c2e00000, 0x0000000100000000)
  region size 1024K, 3 young (3072K), 3 survivors (3072K)
 Metaspace       used 30885K, committed 31296K, reserved 1114112K
  class space    used 3428K, committed 3584K, reserved 1048576K
}
Event: 17.485 GC heap before
{Heap before GC invocations=15 (full 0):
 garbage-first heap   total 91136K, used 77497K [0x00000000c2e00000, 0x0000000100000000)
  region size 1024K, 28 young (28672K), 3 survivors (3072K)
 Metaspace       used 31753K, committed 32192K, reserved 1114112K
  class space    used 3516K, committed 3712K, reserved 1048576K
}
Event: 17.497 GC heap after
{Heap after GC invocations=16 (full 0):
 garbage-first heap   total 91136K, used 52163K [0x00000000c2e00000, 0x0000000100000000)
  region size 1024K, 3 young (3072K), 3 survivors (3072K)
 Metaspace       used 31753K, committed 32192K, reserved 1114112K
  class space    used 3516K, committed 3712K, reserved 1048576K
}
Event: 18.153 GC heap before
{Heap before GC invocations=16 (full 0):
 garbage-first heap   total 91136K, used 77763K [0x00000000c2e00000, 0x0000000100000000)
  region size 1024K, 29 young (29696K), 3 survivors (3072K)
 Metaspace       used 33231K, committed 33792K, reserved 1114112K
  class space    used 3737K, committed 4032K, reserved 1048576K
}
Event: 18.162 GC heap after
{Heap after GC invocations=17 (full 0):
 garbage-first heap   total 91136K, used 54023K [0x00000000c2e00000, 0x0000000100000000)
  region size 1024K, 4 young (4096K), 4 survivors (4096K)
 Metaspace       used 33231K, committed 33792K, reserved 1114112K
  class space    used 3737K, committed 4032K, reserved 1048576K
}
Event: 18.675 GC heap before
{Heap before GC invocations=18 (full 0):
 garbage-first heap   total 93184K, used 91911K [0x00000000c2e00000, 0x0000000100000000)
  region size 1024K, 20 young (20480K), 4 survivors (4096K)
 Metaspace       used 34673K, committed 35200K, reserved 1114112K
  class space    used 3930K, committed 4160K, reserved 1048576K
}
Event: 18.695 GC heap after
{Heap after GC invocations=19 (full 0):
 garbage-first heap   total 98304K, used 52822K [0x00000000c2e00000, 0x0000000100000000)
  region size 1024K, 4 young (4096K), 4 survivors (4096K)
 Metaspace       used 34673K, committed 35200K, reserved 1114112K
  class space    used 3930K, committed 4160K, reserved 1048576K
}
Event: 20.039 GC heap before
{Heap before GC invocations=19 (full 0):
 garbage-first heap   total 98304K, used 91734K [0x00000000c2e00000, 0x0000000100000000)
  region size 1024K, 37 young (37888K), 4 survivors (4096K)
 Metaspace       used 34757K, committed 35264K, reserved 1114112K
  class space    used 3930K, committed 4160K, reserved 1048576K
}
Event: 20.111 GC heap after
{Heap after GC invocations=20 (full 0):
 garbage-first heap   total 108544K, used 63488K [0x00000000c2e00000, 0x0000000100000000)
  region size 1024K, 5 young (5120K), 5 survivors (5120K)
 Metaspace       used 34757K, committed 35264K, reserved 1114112K
  class space    used 3930K, committed 4160K, reserved 1048576K
}
Event: 20.624 GC heap before
{Heap before GC invocations=20 (full 0):
 garbage-first heap   total 108544K, used 89088K [0x00000000c2e00000, 0x0000000100000000)
  region size 1024K, 31 young (31744K), 5 survivors (5120K)
 Metaspace       used 34928K, committed 35392K, reserved 1114112K
  class space    used 3945K, committed 4160K, reserved 1048576K
}
Event: 20.675 GC heap after
{Heap after GC invocations=21 (full 0):
 garbage-first heap   total 108544K, used 66560K [0x00000000c2e00000, 0x0000000100000000)
  region size 1024K, 5 young (5120K), 5 survivors (5120K)
 Metaspace       used 34928K, committed 35392K, reserved 1114112K
  class space    used 3945K, committed 4160K, reserved 1048576K
}

